<?xml version="1.0" encoding="UTF-8"?>
<testng-results ignored="0" total="1" passed="1" failed="0" skipped="0">
  <reporter-output>
  </reporter-output>
  <suite started-at="2022-08-23T20:48:00 IST" name="Default suite" finished-at="2022-08-23T20:48:05 IST" duration-ms="5171">
    <groups>
    </groups>
    <test started-at="2022-08-23T20:48:00 IST" name="Default test" finished-at="2022-08-23T20:48:05 IST" duration-ms="5171">
      <class name="com.RestAssured_API_Automation.testCases.TC001">
        <test-method is-config="true" signature="loadConfig()[pri:0, instance:com.RestAssured_API_Automation.testCases.TC001@49912c99]" started-at="2022-08-23T20:48:00 IST" name="loadConfig" finished-at="2022-08-23T20:48:00 IST" duration-ms="363" status="PASS">
          <reporter-output>
          </reporter-output>
        </test-method> <!-- loadConfig -->
        <test-method is-config="true" signature="getAllEmployees()[pri:0, instance:com.RestAssured_API_Automation.testCases.TC001@49912c99]" started-at="2022-08-23T20:48:00 IST" name="getAllEmployees" finished-at="2022-08-23T20:48:05 IST" duration-ms="5101" status="PASS">
          <reporter-output>
          </reporter-output>
        </test-method> <!-- getAllEmployees -->
        <test-method signature="checkResponseBody()[pri:0, instance:com.RestAssured_API_Automation.testCases.TC001@49912c99]" started-at="2022-08-23T20:48:05 IST" name="checkResponseBody" finished-at="2022-08-23T20:48:05 IST" duration-ms="22" status="PASS">
          <reporter-output>
          </reporter-output>
        </test-method> <!-- checkResponseBody -->
        <test-method is-config="true" signature="afterSuite1()[pri:0, instance:com.RestAssured_API_Automation.testCases.TC001@49912c99]" started-at="2022-08-23T20:48:05 IST" name="afterSuite1" finished-at="2022-08-23T20:48:05 IST" duration-ms="301" status="PASS">
          <reporter-output>
          </reporter-output>
        </test-method> <!-- afterSuite1 -->
      </class> <!-- com.RestAssured_API_Automation.testCases.TC001 -->
    </test> <!-- Default test -->
  </suite> <!-- Default suite -->
</testng-results>
